<?xml version="1.0" encoding="UTF-8"?>
<!-- Generated by org.testng.reporters.JUnitReportReporter -->
<testsuite hostname="DESKTOP-QI9R69T" failures="0" tests="1" name="testCases.TC_001AccountRegistrationTest" time="20.255" errors="0" timestamp="2024-12-03T16:02:22 IST" skipped="0">
  <testcase classname="testCases.TC_001AccountRegistrationTest" name="verifyAccoutRegistration" time="20.255"/>
</testsuite> <!-- testCases.TC_001AccountRegistrationTest -->
