<?xml version="1.0" encoding="UTF-8"?>
<!-- Generated by org.testng.reporters.JUnitReportReporter -->
<testsuite hostname="DESKTOP-QI9R69T" failures="0" tests="1" name="testCases.TC_002LoginTest" time="22.058" errors="0" timestamp="2024-12-03T16:02:23 IST" skipped="0">
  <testcase classname="testCases.TC_002LoginTest" name="verifyLoginTest" time="22.058"/>
</testsuite> <!-- testCases.TC_002LoginTest -->
